2020-03-28 16:51:33,142 - pyswarms.single.global_best - INFO - Optimize for 1000 iters with {'param_b': 0.4, 'param_r': 0.1, 'param_m': 0.1}
2020-03-28 16:52:22,870 - pyswarms.single.global_best - INFO - Optimize for 1000 iters with {'param_b': 0.4, 'param_r': 0.1, 'param_m': 0.1}
2020-03-28 16:53:51,943 - pyswarms.single.global_best - INFO - Optimize for 1000 iters with {'c1': 0.5, 'c2': 0.3, 'w': 0.9}
2020-03-28 16:55:04,077 - pyswarms.single.global_best - INFO - Optimize for 1000 iters with {'c1': 0.5, 'c2': 0.3, 'w': 0.9}
2020-03-28 17:00:57,107 - pyswarms.single.global_best - INFO - Optimize for 1000 iters with {'c1': 0.5, 'c2': 0.3, 'w': 0.9}
2020-03-28 17:01:15,671 - pyswarms.single.global_best - INFO - Optimize for 1000 iters with {'c1': 0.5, 'c2': 0.3, 'w': 0.9}
2020-03-28 17:01:49,659 - pyswarms.single.global_best - INFO - Optimize for 1000 iters with {'c1': 0.5, 'c2': 0.3, 'w': 0.9}
2020-03-28 17:04:15,546 - pyswarms.single.global_best - INFO - Optimize for 1000 iters with {'c1': 0.5, 'c2': 0.3, 'w': 0.9}
2020-03-28 17:05:19,215 - pyswarms.single.global_best - INFO - Optimize for 100 iters with {'c1': 0.5, 'c2': 0.3, 'w': 0.9}
2020-03-28 17:06:00,511 - pyswarms.single.global_best - INFO - Optimize for 20 iters with {'c1': 0.5, 'c2': 0.3, 'w': 0.9}
2020-03-28 17:06:28,635 - pyswarms.single.global_best - INFO - Optimization finished | best cost: -2.1357843864520512e+222, best pos: [ 0.97682183 -3.05011884 -7.36311713]
2020-03-28 17:06:53,151 - pyswarms.single.global_best - INFO - Optimize for 10 iters with {'c1': 0.5, 'c2': 0.3, 'w': 0.9}
2020-03-28 17:06:55,120 - pyswarms.single.global_best - INFO - Optimization finished | best cost: 1.3777161116969117, best pos: [0.59737505 0.04084091 0.33868685]
2020-03-28 17:07:02,717 - pyswarms.single.global_best - INFO - Optimize for 20 iters with {'c1': 0.5, 'c2': 0.3, 'w': 0.9}
2020-03-28 17:07:06,373 - pyswarms.single.global_best - INFO - Optimization finished | best cost: 0.9001757493467819, best pos: [0.44395403 0.00655215 0.20753927]
2020-03-28 17:07:29,643 - pyswarms.single.global_best - INFO - Optimize for 20 iters with {'c1': 0.5, 'c2': 0.3, 'w': 0.9}
2020-03-28 17:07:33,155 - pyswarms.single.global_best - INFO - Optimization finished | best cost: 0.9040820206932888, best pos: [0.33172569 0.03428005 0.04759458]
2020-03-28 17:08:02,028 - pyswarms.single.global_best - INFO - Optimize for 40 iters with {'c1': 0.5, 'c2': 0.3, 'w': 0.9}
2020-03-28 17:08:15,317 - pyswarms.single.global_best - INFO - Optimization finished | best cost: 0.7152993140111346, best pos: [0.31463974 0.02488646 0.04016076]
2020-03-28 17:08:52,753 - pyswarms.single.global_best - INFO - Optimize for 40 iters with {'c1': 0.1, 'c2': 0.1, 'w': 0.1}
2020-03-28 17:09:04,812 - pyswarms.single.global_best - INFO - Optimization finished | best cost: 2.514227404603125, best pos: [0.74688501 0.27627579 0.26926032]
2020-03-28 17:09:12,624 - pyswarms.single.global_best - INFO - Optimize for 40 iters with {'c1': 0.5, 'c2': 0.5, 'w': 0.95}
2020-03-28 17:09:28,499 - pyswarms.single.global_best - INFO - Optimization finished | best cost: 0.8619724781954692, best pos: [0.38897471 0.0451859  0.10855565]
2020-03-28 17:09:42,302 - pyswarms.single.global_best - INFO - Optimize for 40 iters with {'c1': 0.8, 'c2': 0.4, 'w': 0.9}
2020-03-28 17:09:55,588 - pyswarms.single.global_best - INFO - Optimization finished | best cost: 0.7087024443633171, best pos: [0.3564332  0.04239616 0.07306233]
2020-03-28 17:10:03,448 - pyswarms.single.global_best - INFO - Optimize for 40 iters with {'c1': 0.8, 'c2': 0.75, 'w': 0.9}
2020-03-28 17:10:17,414 - pyswarms.single.global_best - INFO - Optimization finished | best cost: 0.8356849465669822, best pos: [ 0.33785263 -0.01771725  0.11749588]
2020-03-28 17:12:52,418 - pyswarms.single.global_best - INFO - Optimize for 40 iters with {'c1': 0.8, 'c2': 0.75, 'w': 0.9}
2020-03-28 17:12:53,959 - pyswarms.single.global_best - INFO - Optimization finished | best cost: 1.1219866541220747, best pos: [0.4315136  0.03529675 0.1640384 ]
2020-03-28 17:13:02,863 - pyswarms.single.global_best - INFO - Optimize for 1000 iters with {'c1': 0.8, 'c2': 0.75, 'w': 0.9}
2020-03-28 17:18:11,687 - pyswarms.single.global_best - INFO - Optimization finished | best cost: 0.5700223006248161, best pos: [0.28729455 0.00821044 0.03156581]
2020-03-28 17:20:28,253 - pyswarms.single.global_best - INFO - Optimize for 100 iters with {'c1': 0.9, 'c2': 0.85, 'w': 0.9}
2020-03-28 17:22:32,462 - pyswarms.single.global_best - INFO - Optimization finished | best cost: 0.5741579312425594, best pos: [0.30243606 0.01577766 0.03967156]
2020-03-28 17:23:35,855 - pyswarms.single.global_best - INFO - Optimize for 100 iters with {'c1': 0.2, 'c2': 0.4, 'w': 0.5}
2020-03-28 17:23:45,750 - pyswarms.single.global_best - INFO - Optimization finished | best cost: 1.7599989289831828, best pos: [0.56424381 0.11199153 0.23467105]
2020-03-28 17:23:48,066 - pyswarms.single.global_best - INFO - Optimize for 100 iters with {'c1': 0.2, 'c2': 0.4, 'w': 0.5}
2020-03-28 17:23:57,889 - pyswarms.single.global_best - INFO - Optimization finished | best cost: 2.1162711117752417, best pos: [0.53961043 0.28452642 0.03724365]
2020-03-28 17:24:49,458 - pyswarms.single.global_best - INFO - Optimize for 100 iters with {'c1': 0.8, 'c2': 0.4, 'w': 0.9}
2020-03-28 17:24:59,288 - pyswarms.single.global_best - INFO - Optimization finished | best cost: 0.6504883305957413, best pos: [0.32872112 0.03922154 0.04908619]
2020-03-28 17:25:12,658 - pyswarms.single.global_best - INFO - Optimize for 100 iters with {'c1': 0.8, 'c2': 0.8, 'w': 0.9}
2020-03-28 17:25:22,360 - pyswarms.single.global_best - INFO - Optimization finished | best cost: 0.6975345190691845, best pos: [0.29730084 0.00397729 0.04209548]
2020-03-28 17:25:25,294 - pyswarms.single.global_best - INFO - Optimize for 100 iters with {'c1': 0.8, 'c2': 0.8, 'w': 0.9}
2020-03-28 17:25:35,103 - pyswarms.single.global_best - INFO - Optimization finished | best cost: 0.6602919645308324, best pos: [0.28777212 0.00781048 0.02834144]
2020-03-28 17:26:00,336 - pyswarms.single.global_best - INFO - Optimize for 100 iters with {'c1': 0.95, 'c2': 0.95, 'w': 1.5}
2020-03-28 17:26:10,176 - pyswarms.single.global_best - INFO - Optimization finished | best cost: 0.5694541041821009, best pos: [0.29284158 0.02447805 0.02128526]
2020-03-28 17:26:24,187 - pyswarms.single.global_best - INFO - Optimize for 100 iters with {'c1': 0.95, 'c2': 0.95, 'w': 1.5}
2020-03-28 17:26:34,018 - pyswarms.single.global_best - INFO - Optimization finished | best cost: 0.5717722720409525, best pos: [0.29508219 0.01745123 0.03196103]
2020-03-28 17:26:37,813 - pyswarms.single.global_best - INFO - Optimize for 50 iters with {'c1': 0.95, 'c2': 0.95, 'w': 1.5}
2020-03-28 17:26:42,698 - pyswarms.single.global_best - INFO - Optimization finished | best cost: 0.6628702004637939, best pos: [0.33715718 0.03657094 0.06068762]
2020-03-28 17:26:54,493 - pyswarms.single.global_best - INFO - Optimize for 200 iters with {'c1': 0.95, 'c2': 1.5, 'w': 1.5}
2020-03-28 17:27:26,196 - pyswarms.single.global_best - INFO - Optimization finished | best cost: 0.6071079971647094, best pos: [0.31875    0.04310211 0.03246461]
2020-03-28 17:27:34,381 - pyswarms.single.global_best - INFO - Optimize for 200 iters with {'c1': 0.7, 'c2': 0.8, 'w': 1.5}
2020-03-28 17:28:06,142 - pyswarms.single.global_best - INFO - Optimization finished | best cost: 0.5875433106086941, best pos: [0.30423889 0.03679548 0.0207424 ]
2020-03-28 17:28:27,275 - pyswarms.single.global_best - INFO - Optimize for 100 iters with {'c1': 0.9, 'c2': 0.8, 'w': 1.5}
2020-03-28 17:28:51,786 - pyswarms.single.global_best - INFO - Optimization finished | best cost: 0.575340080324878, best pos: [0.2875     0.01622964 0.02488748]
2020-03-28 17:29:09,702 - pyswarms.single.global_best - INFO - Optimize for 80 iters with {'c1': 0.9, 'c2': 0.8, 'w': 1.5}
2020-03-28 17:29:29,199 - pyswarms.single.global_best - INFO - Optimization finished | best cost: 0.5732667336739875, best pos: [0.29403245 0.02076616 0.02522618]
2020-03-28 17:31:30,122 - pyswarms.single.global_best - INFO - Optimize for 80 iters with {'c1': 0.9, 'c2': 0.8, 'w': 1.5}
2020-03-28 17:31:49,908 - pyswarms.single.global_best - INFO - Optimization finished | best cost: 0.5736580344298688, best pos: [0.30771305 0.02007586 0.04201359]
2020-03-28 17:32:06,111 - pyswarms.single.global_best - INFO - Optimize for 80 iters with {'c1': 0.9, 'c2': 0.8, 'w': 1.5}
2020-03-28 17:32:26,029 - pyswarms.single.global_best - INFO - Optimization finished | best cost: 0.5704629077588659, best pos: [0.29247735 0.02531745 0.02016285]
2020-03-28 17:33:19,650 - pyswarms.single.global_best - INFO - Optimize for 80 iters with {'c1': 0.4, 'c2': 0.7, 'w': 1.5}
2020-03-28 17:33:39,598 - pyswarms.single.global_best - INFO - Optimization finished | best cost: 0.5729987050096262, best pos: [0.2925509  0.02306381 0.02151727]
2020-03-28 17:33:44,924 - pyswarms.single.global_best - INFO - Optimize for 40 iters with {'c1': 0.4, 'c2': 0.7, 'w': 1.5}
2020-03-28 17:33:54,805 - pyswarms.single.global_best - INFO - Optimization finished | best cost: 0.5695256321411665, best pos: [0.29790779 0.02471463 0.02725964]
2020-03-28 17:34:47,632 - pyswarms.single.global_best - INFO - Optimize for 30 iters with {'c1': 0.6, 'c2': 0.95, 'w': 1.5}
2020-03-28 17:34:56,817 - pyswarms.single.global_best - INFO - Optimization finished | best cost: 0.5727300860772884, best pos: [0.29458034 0.00803424 0.04041291]
2020-03-28 17:34:58,960 - pyswarms.single.global_best - INFO - Optimize for 30 iters with {'c1': 0.6, 'c2': 0.95, 'w': 1.5}
2020-03-28 17:35:08,069 - pyswarms.single.global_best - INFO - Optimization finished | best cost: 0.568493344075564, best pos: [0.29189087 0.01124498 0.03297152]
2020-03-28 17:35:09,290 - pyswarms.single.global_best - INFO - Optimize for 30 iters with {'c1': 0.6, 'c2': 0.95, 'w': 1.5}
2020-03-28 17:35:18,424 - pyswarms.single.global_best - INFO - Optimization finished | best cost: 0.5667621201647269, best pos: [0.29762494 0.02111513 0.02969517]
2020-03-28 17:35:32,068 - pyswarms.single.global_best - INFO - Optimize for 30 iters with {'c1': 0.6, 'c2': 0.95, 'w': 1.5}
2020-03-28 17:35:41,303 - pyswarms.single.global_best - INFO - Optimization finished | best cost: 0.5712266458091648, best pos: [0.2930581  0.01064554 0.03453275]
2020-03-28 17:35:43,374 - pyswarms.single.global_best - INFO - Optimize for 30 iters with {'c1': 0.6, 'c2': 0.95, 'w': 1.5}
2020-03-28 17:35:52,440 - pyswarms.single.global_best - INFO - Optimization finished | best cost: 0.5683258846919594, best pos: [0.29115873 0.02131436 0.02294147]
2020-03-28 17:36:02,875 - pyswarms.single.global_best - INFO - Optimize for 30 iters with {'c1': 0.3, 'c2': 0.95, 'w': 1.5}
2020-03-28 17:36:12,044 - pyswarms.single.global_best - INFO - Optimization finished | best cost: 0.5717900691592112, best pos: [0.3014803  0.01237469 0.04254046]
2020-03-28 17:36:19,060 - pyswarms.single.global_best - INFO - Optimize for 30 iters with {'c1': 0.3, 'c2': 0.95, 'w': 1.5}
2020-03-28 17:36:28,182 - pyswarms.single.global_best - INFO - Optimization finished | best cost: 0.5692349514029396, best pos: [0.28615185 0.01472417 0.02356076]
2020-03-28 17:36:53,823 - pyswarms.single.global_best - INFO - Optimize for 30 iters with {'c1': 0.15, 'c2': 0.95, 'w': 1.85}
2020-03-28 17:37:04,643 - pyswarms.single.global_best - INFO - Optimization finished | best cost: 0.5685865103794476, best pos: [0.30127004 0.02320975 0.03161333]
2020-03-28 17:37:09,573 - pyswarms.single.global_best - INFO - Optimize for 30 iters with {'c1': 0.15, 'c2': 0.95, 'w': 1.85}
2020-03-28 17:37:20,386 - pyswarms.single.global_best - INFO - Optimization finished | best cost: 0.5811486046548273, best pos: [0.29610778 0.02374444 0.02409748]
2020-03-28 17:37:23,830 - pyswarms.single.global_best - INFO - Optimize for 30 iters with {'c1': 0.15, 'c2': 0.95, 'w': 1.85}
2020-03-28 17:37:34,617 - pyswarms.single.global_best - INFO - Optimization finished | best cost: 0.5839521135655892, best pos: [0.30511275 0.03573725 0.02297998]
2020-03-28 17:37:42,031 - pyswarms.single.global_best - INFO - Optimize for 30 iters with {'c1': 0.15, 'c2': 0.95, 'w': 0.2}
2020-03-28 17:37:52,937 - pyswarms.single.global_best - INFO - Optimization finished | best cost: 0.5842242293893916, best pos: [0.30206628 0.0376479  0.01845025]
2020-03-28 17:37:55,104 - pyswarms.single.global_best - INFO - Optimize for 30 iters with {'c1': 0.15, 'c2': 0.95, 'w': 0.2}
2020-03-28 17:38:06,019 - pyswarms.single.global_best - INFO - Optimization finished | best cost: 0.5759017506050993, best pos: [0.30028441 0.03234524 0.02170609]
2020-03-28 17:38:16,604 - pyswarms.single.global_best - INFO - Optimize for 30 iters with {'c1': 0.15, 'c2': 0.95, 'w': 0.2}
2020-03-28 17:38:27,651 - pyswarms.single.global_best - INFO - Optimization finished | best cost: 0.566534993464121, best pos: [0.29815467 0.0215605  0.03013297]
2020-03-28 17:39:02,558 - pyswarms.single.global_best - INFO - Optimize for 80 iters with {'c1': 0.1, 'c2': 0.9, 'w': 0.1}
2020-03-28 17:39:13,173 - pyswarms.single.global_best - INFO - Optimization finished | best cost: 0.6154302844864143, best pos: [0.32926597 0.02879406 0.05759026]
2020-03-28 17:39:15,899 - pyswarms.single.global_best - INFO - Optimize for 80 iters with {'c1': 0.1, 'c2': 0.9, 'w': 0.1}
2020-03-28 17:39:26,819 - pyswarms.single.global_best - INFO - Optimization finished | best cost: 0.577273743160295, best pos: [0.30536399 0.01074369 0.04901077]
2020-03-28 17:39:33,257 - pyswarms.single.global_best - INFO - Optimize for 80 iters with {'c1': 0.1, 'c2': 0.9, 'w': 0.1}
2020-03-28 17:39:44,080 - pyswarms.single.global_best - INFO - Optimization finished | best cost: 0.6150699064249486, best pos: [0.32771916 0.04122935 0.04327845]
2020-03-28 17:39:50,698 - pyswarms.single.global_best - INFO - Optimize for 80 iters with {'c1': 0.1, 'c2': 0.9, 'w': 0.25}
2020-03-28 17:40:01,262 - pyswarms.single.global_best - INFO - Optimization finished | best cost: 0.6557196890347048, best pos: [0.32772715 0.06216556 0.02254293]
2020-03-28 17:40:15,992 - pyswarms.single.global_best - INFO - Optimize for 50 iters with {'c1': 0.15, 'c2': 0.95, 'w': 0.25}
2020-03-28 17:40:31,307 - pyswarms.single.global_best - INFO - Optimization finished | best cost: 0.574971918897831, best pos: [0.30624727 0.01422236 0.0464951 ]
2020-03-28 17:40:35,088 - pyswarms.single.global_best - INFO - Optimize for 50 iters with {'c1': 0.15, 'c2': 0.95, 'w': 0.25}
2020-03-28 17:40:50,441 - pyswarms.single.global_best - INFO - Optimization finished | best cost: 0.5658168322368784, best pos: [0.29364329 0.01890075 0.02779639]
2020-03-28 17:41:23,363 - pyswarms.single.global_best - INFO - Optimize for 50 iters with {'c1': 0.15, 'c2': 0.95, 'w': 0.2}
2020-03-28 17:41:38,714 - pyswarms.single.global_best - INFO - Optimization finished | best cost: 0.5678238142615544, best pos: [0.29225829 0.02208305 0.02308097]
2020-03-28 17:41:40,461 - pyswarms.single.global_best - INFO - Optimize for 50 iters with {'c1': 0.15, 'c2': 0.95, 'w': 0.2}
2020-03-28 17:41:55,674 - pyswarms.single.global_best - INFO - Optimization finished | best cost: 0.5726600248570577, best pos: [0.30435941 0.02867238 0.0299077 ]
2020-03-28 17:41:58,407 - pyswarms.single.global_best - INFO - Optimize for 50 iters with {'c1': 0.15, 'c2': 0.95, 'w': 0.2}
2020-03-28 17:42:13,666 - pyswarms.single.global_best - INFO - Optimization finished | best cost: 0.5987060422154851, best pos: [0.32261533 0.03171666 0.04710681]
2020-03-28 17:42:18,410 - pyswarms.single.global_best - INFO - Optimize for 50 iters with {'c1': 0.15, 'c2': 0.95, 'w': 0.2}
2020-03-28 17:42:33,706 - pyswarms.single.global_best - INFO - Optimization finished | best cost: 0.5690760266860896, best pos: [0.29953272 0.01252283 0.04073197]
2020-03-28 17:45:24,050 - pyswarms.single.global_best - INFO - Optimize for 50 iters with {'c1': 0.15, 'c2': 0.95, 'w': 0.25}
2020-03-28 17:45:39,307 - pyswarms.single.global_best - INFO - Optimization finished | best cost: 0.5658377780764947, best pos: [0.29636461 0.01587397 0.03384114]
2020-03-28 17:45:39,315 - pyswarms.single.global_best - INFO - Optimize for 50 iters with {'c1': 0.15, 'c2': 0.95, 'w': 0.25}
2020-03-28 17:45:54,462 - pyswarms.single.global_best - INFO - Optimization finished | best cost: 0.5660361440440441, best pos: [0.2980371  0.01803604 0.03352102]
2020-03-28 17:45:54,470 - pyswarms.single.global_best - INFO - Optimize for 50 iters with {'c1': 0.15, 'c2': 0.95, 'w': 0.25}
2020-03-28 17:46:09,930 - pyswarms.single.global_best - INFO - Optimization finished | best cost: 0.5876139090579428, best pos: [0.31684291 0.03087417 0.0415963 ]
2020-03-28 17:46:09,936 - pyswarms.single.global_best - INFO - Optimize for 50 iters with {'c1': 0.15, 'c2': 0.95, 'w': 0.25}
2020-03-28 17:46:25,496 - pyswarms.single.global_best - INFO - Optimization finished | best cost: 0.5659834170238921, best pos: [0.29738278 0.01992318 0.03091064]
2020-03-28 17:50:27,105 - pyswarms.single.global_best - INFO - Optimize for 50 iters with {'c1': 0.15, 'c2': 0.95, 'w': 0.25}
2020-03-28 17:50:42,645 - pyswarms.single.global_best - INFO - Optimization finished | best cost: 0.565482804534698, best pos: [0.29464205 0.01707941 0.03071945]
2020-03-28 17:50:42,653 - pyswarms.single.global_best - INFO - Optimize for 50 iters with {'c1': 0.15, 'c2': 0.95, 'w': 0.25}
2020-03-28 17:50:58,020 - pyswarms.single.global_best - INFO - Optimization finished | best cost: 0.5688253915399893, best pos: [0.30281938 0.01840531 0.038473  ]
2020-03-28 17:50:58,028 - pyswarms.single.global_best - INFO - Optimize for 50 iters with {'c1': 0.15, 'c2': 0.95, 'w': 0.25}
2020-03-28 17:51:13,267 - pyswarms.single.global_best - INFO - Optimization finished | best cost: 0.5659195931199174, best pos: [0.29660194 0.0157899  0.03417297]
2020-03-28 17:51:13,276 - pyswarms.single.global_best - INFO - Optimize for 50 iters with {'c1': 0.15, 'c2': 0.95, 'w': 0.25}
2020-03-28 17:51:28,590 - pyswarms.single.global_best - INFO - Optimization finished | best cost: 0.5659195853383338, best pos: [0.29660191 0.0157899  0.03417297]
2020-03-28 17:52:50,917 - pyswarms.single.global_best - INFO - Optimize for 50 iters with {'c1': 0.15, 'c2': 0.95, 'w': 0.25}
2020-03-28 17:53:06,481 - pyswarms.single.global_best - INFO - Optimization finished | best cost: 0.5658333924483735, best pos: [0.29657459 0.01615421 0.0337871 ]
2020-03-28 17:53:06,489 - pyswarms.single.global_best - INFO - Optimize for 50 iters with {'c1': 0.15, 'c2': 0.95, 'w': 0.25}
2020-03-28 17:53:21,827 - pyswarms.single.global_best - INFO - Optimization finished | best cost: 0.5821901755964976, best pos: [0.31411248 0.024043   0.04538692]
2020-03-28 17:53:21,834 - pyswarms.single.global_best - INFO - Optimize for 50 iters with {'c1': 0.15, 'c2': 0.95, 'w': 0.25}
2020-03-28 17:53:37,236 - pyswarms.single.global_best - INFO - Optimization finished | best cost: 0.5668442772433692, best pos: [0.29557869 0.02235605 0.02648589]
2020-03-28 17:53:37,244 - pyswarms.single.global_best - INFO - Optimize for 50 iters with {'c1': 0.15, 'c2': 0.95, 'w': 0.25}
2020-03-28 17:53:52,925 - pyswarms.single.global_best - INFO - Optimization finished | best cost: 0.5668442015891685, best pos: [0.29557869 0.02235585 0.02648589]
2020-03-28 17:55:34,401 - pyswarms.single.global_best - INFO - Optimize for 50 iters with {'c1': 0.15, 'c2': 0.95, 'w': 0.25}
2020-03-28 17:55:49,949 - pyswarms.single.global_best - INFO - Optimization finished | best cost: 0.5657049405287263, best pos: [0.29555902 0.01567365 0.03313751]
2020-03-28 17:55:49,957 - pyswarms.single.global_best - INFO - Optimize for 50 iters with {'c1': 0.15, 'c2': 0.95, 'w': 0.25}
2020-03-28 17:56:05,355 - pyswarms.single.global_best - INFO - Optimization finished | best cost: 0.5659057094955534, best pos: [0.29284048 0.01847248 0.0273391 ]
2020-03-28 17:56:05,363 - pyswarms.single.global_best - INFO - Optimize for 50 iters with {'c1': 0.15, 'c2': 0.95, 'w': 0.25}
2020-03-28 17:56:21,136 - pyswarms.single.global_best - INFO - Optimization finished | best cost: 0.6213621977940212, best pos: [0.32906568 0.04442982 0.04170581]
2020-03-28 17:56:21,145 - pyswarms.single.global_best - INFO - Optimize for 40 iters with {'c1': 0.15, 'c2': 0.95, 'w': 0.25}
2020-03-28 17:56:33,495 - pyswarms.single.global_best - INFO - Optimization finished | best cost: 0.6213618156602363, best pos: [0.32906567 0.04442982 0.04170554]
2020-03-28 17:57:09,014 - pyswarms.single.global_best - INFO - Optimize for 50 iters with {'c1': 0.15, 'c2': 0.95, 'w': 0.25}
2020-03-28 17:57:21,037 - pyswarms.single.global_best - INFO - Optimize for 50 iters with {'c1': 0.15, 'c2': 0.95, 'w': 0.25}
2020-03-28 17:57:36,368 - pyswarms.single.global_best - INFO - Optimization finished | best cost: 0.5727138747466486, best pos: [0.30594413 0.01681259 0.04351746]
2020-03-28 17:57:36,376 - pyswarms.single.global_best - INFO - Optimize for 50 iters with {'c1': 0.15, 'c2': 0.95, 'w': 0.25}
2020-03-28 17:57:51,627 - pyswarms.single.global_best - INFO - Optimization finished | best cost: 0.6105133545628214, best pos: [0.32697393 0.02544844 0.05833395]
2020-03-28 17:57:51,636 - pyswarms.single.global_best - INFO - Optimize for 50 iters with {'c1': 0.15, 'c2': 0.95, 'w': 0.25}
2020-03-28 17:58:06,871 - pyswarms.single.global_best - INFO - Optimization finished | best cost: 0.5696186329660449, best pos: [0.30299613 0.01658103 0.04049271]
2020-03-28 17:59:22,501 - pyswarms.single.global_best - INFO - Optimize for 50 iters with {'c1': 0.15, 'c2': 0.95, 'w': 0.25}
2020-03-28 17:59:37,653 - pyswarms.single.global_best - INFO - Optimization finished | best cost: 0.5689094881503517, best pos: [0.30267198 0.02356657 0.0331368 ]
2020-03-28 17:59:37,659 - pyswarms.single.global_best - INFO - Optimize for 50 iters with {'c1': 0.15, 'c2': 0.95, 'w': 0.25}
2020-03-28 17:59:52,628 - pyswarms.single.global_best - INFO - Optimization finished | best cost: 0.5684763594890256, best pos: [0.30030983 0.02481588 0.02924986]
2020-03-28 17:59:52,635 - pyswarms.single.global_best - INFO - Optimize for 50 iters with {'c1': 0.15, 'c2': 0.95, 'w': 0.25}
2020-03-28 18:00:07,660 - pyswarms.single.global_best - INFO - Optimization finished | best cost: 0.5736236234973192, best pos: [0.30629155 0.02834779 0.03238373]
2020-03-28 18:00:07,666 - pyswarms.single.global_best - INFO - Optimize for 40 iters with {'c1': 0.15, 'c2': 0.95, 'w': 0.25}
2020-03-28 18:00:19,961 - pyswarms.single.global_best - INFO - Optimization finished | best cost: 0.5736235382166928, best pos: [0.30629149 0.02834773 0.03238373]
2020-03-28 18:00:30,455 - pyswarms.single.global_best - INFO - Optimize for 50 iters with {'c1': 0.15, 'c2': 0.95, 'w': 0.25}
2020-03-28 18:00:45,509 - pyswarms.single.global_best - INFO - Optimization finished | best cost: 0.5954580539297588, best pos: [0.32111669 0.02661619 0.05060499]
2020-03-28 18:00:45,517 - pyswarms.single.global_best - INFO - Optimize for 50 iters with {'c1': 0.15, 'c2': 0.95, 'w': 0.25}
2020-03-28 18:01:00,401 - pyswarms.single.global_best - INFO - Optimization finished | best cost: 0.6105745484881223, best pos: [0.32071809 0.04653932 0.03029618]
2020-03-28 18:01:00,408 - pyswarms.single.global_best - INFO - Optimize for 50 iters with {'c1': 0.15, 'c2': 0.95, 'w': 0.25}
2020-03-28 18:01:16,798 - pyswarms.single.global_best - INFO - Optimization finished | best cost: 0.5757133836408875, best pos: [0.30736639 0.03013518 0.03179004]
2020-03-28 18:01:16,806 - pyswarms.single.global_best - INFO - Optimize for 40 iters with {'c1': 0.15, 'c2': 0.95, 'w': 0.25}
2020-03-28 18:01:34,389 - pyswarms.single.global_best - INFO - Optimization finished | best cost: 0.5680316655023461, best pos: [0.29905393 0.0244873  0.02821753]
2020-03-28 18:02:49,056 - pyswarms.single.global_best - INFO - Optimize for 30 iters with {'c1': 0.15, 'c2': 0.95, 'w': 0.25}
2020-03-28 18:03:06,941 - pyswarms.single.global_best - INFO - Optimization finished | best cost: 0.5694470789372829, best pos: [0.30271989 0.01640315 0.04037489]
2020-03-28 18:03:06,949 - pyswarms.single.global_best - INFO - Optimize for 30 iters with {'c1': 0.15, 'c2': 0.95, 'w': 0.25}
2020-03-28 18:03:24,735 - pyswarms.single.global_best - INFO - Optimization finished | best cost: 0.565510836077077, best pos: [0.29427149 0.01753777 0.02985204]
2020-03-28 18:03:24,743 - pyswarms.single.global_best - INFO - Optimize for 30 iters with {'c1': 0.15, 'c2': 0.95, 'w': 0.25}
2020-03-28 18:03:42,533 - pyswarms.single.global_best - INFO - Optimization finished | best cost: 0.5654890718210805, best pos: [0.29495065 0.01739085 0.03074785]
2020-03-28 18:03:42,541 - pyswarms.single.global_best - INFO - Optimize for 40 iters with {'c1': 0.15, 'c2': 0.95, 'w': 0.25}
2020-03-28 18:04:00,912 - pyswarms.single.global_best - INFO - Optimization finished | best cost: 0.5654828054310592, best pos: [0.29463725 0.01708007 0.03071349]
2020-03-28 18:04:44,298 - pyswarms.single.global_best - INFO - Optimize for 20 iters with {'c1': 0.15, 'c2': 0.95, 'w': 0.25}
2020-03-28 18:04:56,260 - pyswarms.single.global_best - INFO - Optimization finished | best cost: 0.5654977819506218, best pos: [0.29483959 0.0166824  0.0313322 ]
2020-03-28 18:04:56,268 - pyswarms.single.global_best - INFO - Optimize for 20 iters with {'c1': 0.15, 'c2': 0.95, 'w': 0.25}
2020-03-28 18:05:08,222 - pyswarms.single.global_best - INFO - Optimization finished | best cost: 0.5723893389214572, best pos: [0.29860699 0.0294037  0.02278379]
2020-03-28 18:05:08,231 - pyswarms.single.global_best - INFO - Optimize for 20 iters with {'c1': 0.15, 'c2': 0.95, 'w': 0.25}
2020-03-28 18:05:20,062 - pyswarms.single.global_best - INFO - Optimization finished | best cost: 0.5660055136034817, best pos: [0.29680468 0.01568977 0.03448468]
2020-03-28 18:05:20,070 - pyswarms.single.global_best - INFO - Optimize for 40 iters with {'c1': 0.15, 'c2': 0.95, 'w': 0.25}
2020-03-28 18:05:38,205 - pyswarms.single.global_best - INFO - Optimization finished | best cost: 0.5654868989309304, best pos: [0.29493264 0.01717436 0.03094745]
2020-03-28 18:06:58,036 - pyswarms.single.global_best - INFO - Optimize for 20 iters with {'c1': 0.15, 'c2': 0.95, 'w': 0.25}
2020-03-28 18:07:09,750 - pyswarms.single.global_best - INFO - Optimization finished | best cost: 0.863165976701347, best pos: [0.29169599 0.01386304 0.03610885]
2020-03-28 18:07:09,757 - pyswarms.single.global_best - INFO - Optimize for 20 iters with {'c1': 0.15, 'c2': 0.95, 'w': 0.25}
2020-03-28 18:07:21,408 - pyswarms.single.global_best - INFO - Optimization finished | best cost: 0.8620707540762702, best pos: [0.2934166  0.02015209 0.03158272]
2020-03-28 18:07:21,416 - pyswarms.single.global_best - INFO - Optimize for 20 iters with {'c1': 0.15, 'c2': 0.95, 'w': 0.25}
2020-03-28 18:07:33,005 - pyswarms.single.global_best - INFO - Optimization finished | best cost: 0.866509886087357, best pos: [0.29876821 0.01714012 0.04049634]
2020-03-28 18:07:33,013 - pyswarms.single.global_best - INFO - Optimize for 40 iters with {'c1': 0.15, 'c2': 0.95, 'w': 0.25}
2020-03-28 18:07:50,795 - pyswarms.single.global_best - INFO - Optimization finished | best cost: 0.8615443654147136, best pos: [0.29087106 0.01774977 0.03114691]
2020-03-28 18:08:54,305 - pyswarms.single.global_best - INFO - Optimize for 20 iters with {'c1': 0.15, 'c2': 0.95, 'w': 0.25}
2020-03-28 18:09:06,133 - pyswarms.single.global_best - INFO - Optimization finished | best cost: 0.8615774850408408, best pos: [0.29124746 0.01848258 0.03083619]
2020-03-28 18:09:06,141 - pyswarms.single.global_best - INFO - Optimize for 20 iters with {'c1': 0.15, 'c2': 0.95, 'w': 0.25}
2020-03-28 18:09:17,856 - pyswarms.single.global_best - INFO - Optimization finished | best cost: 0.8615668208633501, best pos: [0.2905441  0.01806553 0.03046589]
2020-03-28 18:09:17,864 - pyswarms.single.global_best - INFO - Optimize for 20 iters with {'c1': 0.15, 'c2': 0.95, 'w': 0.25}
2020-03-28 18:09:29,634 - pyswarms.single.global_best - INFO - Optimization finished | best cost: 0.861544364361366, best pos: [0.2908679  0.01775299 0.03114017]
2020-03-28 18:09:29,643 - pyswarms.single.global_best - INFO - Optimize for 40 iters with {'c1': 0.15, 'c2': 0.95, 'w': 0.25}
2020-03-28 18:09:47,707 - pyswarms.single.global_best - INFO - Optimization finished | best cost: 0.8615443638647137, best pos: [0.29086823 0.01775272 0.03114078]
2020-03-29 16:32:30,486 - pyswarms.single.global_best - INFO - Optimize for 20 iters with {'c1': 0.15, 'c2': 0.95, 'w': 0.25}
2020-03-29 16:36:23,018 - pyswarms.single.global_best - INFO - Optimize for 20 iters with {'c1': 0.15, 'c2': 0.95, 'w': 0.25}
2020-03-29 16:37:13,214 - pyswarms.single.global_best - INFO - Optimize for 20 iters with {'c1': 0.15, 'c2': 0.95, 'w': 0.25}
2020-03-29 16:38:43,119 - pyswarms.single.global_best - INFO - Optimize for 20 iters with {'c1': 0.15, 'c2': 0.95, 'w': 0.25}
2020-03-29 16:39:07,905 - pyswarms.single.global_best - INFO - Optimize for 20 iters with {'c1': 0.15, 'c2': 0.95, 'w': 0.25}
2020-03-29 16:39:22,459 - pyswarms.single.global_best - INFO - Optimization finished | best cost: 8.639975142464866e+25, best pos: [0.10271889 0.07968969 0.08114838]
2020-03-29 16:39:22,473 - pyswarms.single.global_best - INFO - Optimize for 20 iters with {'c1': 0.15, 'c2': 0.95, 'w': 0.25}
2020-03-29 16:39:36,659 - pyswarms.single.global_best - INFO - Optimization finished | best cost: 8.639975142464866e+25, best pos: [0.12438518 0.04910527 0.02788924]
2020-03-29 16:39:36,671 - pyswarms.single.global_best - INFO - Optimize for 20 iters with {'c1': 0.15, 'c2': 0.95, 'w': 0.25}
2020-03-29 16:41:58,086 - pyswarms.single.global_best - INFO - Optimize for 20 iters with {'c1': 0.15, 'c2': 0.95, 'w': 0.25}
2020-03-29 16:50:27,241 - pyswarms.single.global_best - INFO - Optimize for 20 iters with {'c1': 0.15, 'c2': 0.95, 'w': 0.25}
2020-03-29 16:55:27,374 - pyswarms.single.global_best - INFO - Optimize for 20 iters with {'c1': 0.15, 'c2': 0.95, 'w': 0.25}
2020-03-29 16:55:59,501 - pyswarms.single.global_best - INFO - Optimization finished | best cost: 24.16298261120561, best pos: [0.32907811 0.07895394 0.0999987 ]
2020-03-29 16:55:59,516 - pyswarms.single.global_best - INFO - Optimize for 20 iters with {'c1': 0.15, 'c2': 0.95, 'w': 0.25}
2020-03-29 16:56:31,829 - pyswarms.single.global_best - INFO - Optimization finished | best cost: 24.163018055450177, best pos: [0.47517615 0.07991646 0.0999917 ]
2020-03-29 16:56:31,845 - pyswarms.single.global_best - INFO - Optimize for 20 iters with {'c1': 0.15, 'c2': 0.95, 'w': 0.25}
2020-03-29 16:57:03,434 - pyswarms.single.global_best - INFO - Optimization finished | best cost: 24.163415004190774, best pos: [0.38834893 0.08151989 0.09999347]
2020-03-29 17:02:03,587 - pyswarms.single.global_best - INFO - Optimize for 20 iters with {'c1': 0.15, 'c2': 0.95, 'w': 0.25}
2020-03-29 17:02:53,282 - pyswarms.single.global_best - INFO - Optimization finished | best cost: 23.877246101753304, best pos: [0.58817852 0.41340508 0.62010679]
2020-03-29 17:02:53,296 - pyswarms.single.global_best - INFO - Optimize for 20 iters with {'c1': 0.15, 'c2': 0.95, 'w': 0.25}
2020-03-29 17:13:46,890 - pyswarms.single.global_best - INFO - Optimize for 20 iters with {'c1': 0.15, 'c2': 0.95, 'w': 0.25}
2020-03-29 17:14:00,154 - pyswarms.single.global_best - INFO - Optimization finished | best cost: 1.792025525119553, best pos: [0.46539374 0.11429251 0.12889261]
2020-03-29 17:14:00,169 - pyswarms.single.global_best - INFO - Optimize for 20 iters with {'c1': 0.15, 'c2': 0.95, 'w': 0.25}
2020-03-29 17:14:13,497 - pyswarms.single.global_best - INFO - Optimization finished | best cost: 2.7404131131290352, best pos: [0.61373138 0.20093236 0.20363   ]
2020-03-29 17:14:13,509 - pyswarms.single.global_best - INFO - Optimize for 20 iters with {'c1': 0.15, 'c2': 0.95, 'w': 0.25}
2020-03-29 17:14:27,017 - pyswarms.single.global_best - INFO - Optimization finished | best cost: 2.487142826519237, best pos: [0.57575873 0.14270301 0.22066838]
2020-03-29 17:14:27,023 - pyswarms.single.global_best - INFO - Optimize for 40 iters with {'c1': 0.15, 'c2': 0.95, 'w': 0.25}
2020-03-29 17:15:03,738 - pyswarms.single.global_best - INFO - Optimize for 20 iters with {'c1': 0.15, 'c2': 0.95, 'w': 0.25}
2020-03-29 17:15:17,937 - pyswarms.single.global_best - INFO - Optimization finished | best cost: 1.2490341318799505, best pos: [0.3748497  0.09461415 0.0477426 ]
2020-03-29 17:15:17,949 - pyswarms.single.global_best - INFO - Optimize for 20 iters with {'c1': 0.15, 'c2': 0.95, 'w': 0.25}
2020-03-29 17:15:32,798 - pyswarms.single.global_best - INFO - Optimization finished | best cost: 1.0385628752832448, best pos: [0.3516471  0.04705944 0.06937042]
2020-03-29 17:15:32,812 - pyswarms.single.global_best - INFO - Optimize for 20 iters with {'c1': 0.15, 'c2': 0.95, 'w': 0.25}
2020-03-29 17:15:47,456 - pyswarms.single.global_best - INFO - Optimization finished | best cost: 0.8615470188751123, best pos: [0.29102317 0.01793004 0.03114067]
2020-03-29 17:15:47,468 - pyswarms.single.global_best - INFO - Optimize for 40 iters with {'c1': 0.15, 'c2': 0.95, 'w': 0.25}
2020-03-29 17:16:10,573 - pyswarms.single.global_best - INFO - Optimization finished | best cost: 0.8631441446019197, best pos: [0.29498558 0.01681736 0.03664842]
2020-03-29 17:34:21,896 - pyswarms.single.global_best - INFO - Optimize for 20 iters with {'c1': 0.15, 'c2': 0.95, 'w': 0.25}
2020-03-29 17:34:35,222 - pyswarms.single.global_best - INFO - Optimization finished | best cost: 0.8615443686576831, best pos: [0.29086863 0.01774573 0.03114874]
2020-03-29 17:34:35,237 - pyswarms.single.global_best - INFO - Optimize for 20 iters with {'c1': 0.15, 'c2': 0.95, 'w': 0.25}
2020-03-29 17:34:48,345 - pyswarms.single.global_best - INFO - Optimization finished | best cost: 0.9696524944785572, best pos: [0.33653846 0.03285463 0.06679687]
2020-03-29 17:34:48,357 - pyswarms.single.global_best - INFO - Optimize for 20 iters with {'c1': 0.15, 'c2': 0.95, 'w': 0.25}
2020-03-29 17:35:01,401 - pyswarms.single.global_best - INFO - Optimization finished | best cost: 1.3048264080784646, best pos: [0.39583364 0.07523436 0.09030431]
2020-03-29 17:35:01,414 - pyswarms.single.global_best - INFO - Optimize for 40 iters with {'c1': 0.15, 'c2': 0.95, 'w': 0.25}
2020-03-29 17:35:21,714 - pyswarms.single.global_best - INFO - Optimization finished | best cost: 0.8629056895443419, best pos: [0.29555006 0.02033527 0.03375402]
2020-03-29 17:36:08,983 - pyswarms.single.global_best - INFO - Optimize for 20 iters with {'c1': 0.15, 'c2': 0.95, 'w': 0.25}
2020-03-29 17:36:22,702 - pyswarms.single.global_best - INFO - Optimization finished | best cost: 0.8958250463170915, best pos: [0.3104945  0.01308657 0.05758846]
2020-03-29 17:36:22,718 - pyswarms.single.global_best - INFO - Optimize for 20 iters with {'c1': 0.15, 'c2': 0.95, 'w': 0.25}
2020-03-29 17:36:35,935 - pyswarms.single.global_best - INFO - Optimization finished | best cost: 0.8616245215137256, best pos: [0.29022207 0.01669635 0.03151668]
2020-03-29 17:36:35,947 - pyswarms.single.global_best - INFO - Optimize for 20 iters with {'c1': 0.15, 'c2': 0.95, 'w': 0.25}
2020-03-29 17:36:49,053 - pyswarms.single.global_best - INFO - Optimization finished | best cost: 0.8615516182879668, best pos: [0.29120445 0.01784951 0.03141598]
2020-03-29 17:36:49,066 - pyswarms.single.global_best - INFO - Optimize for 40 iters with {'c1': 0.15, 'c2': 0.95, 'w': 0.25}
2020-03-29 17:37:09,134 - pyswarms.single.global_best - INFO - Optimization finished | best cost: 0.8615443646925893, best pos: [0.29086961 0.01775501 0.03114019]
2020-03-29 17:43:08,282 - pyswarms.single.global_best - INFO - Optimize for 20 iters with {'c1': 0.15, 'c2': 0.95, 'w': 0.25}
2020-03-29 17:43:23,413 - pyswarms.single.global_best - INFO - Optimization finished | best cost: 0.8615444282117404, best pos: [0.29088824 0.01774574 0.03117156]
2020-03-29 17:43:23,426 - pyswarms.single.global_best - INFO - Optimize for 20 iters with {'c1': 0.15, 'c2': 0.95, 'w': 0.25}
2020-03-29 17:43:38,557 - pyswarms.single.global_best - INFO - Optimization finished | best cost: 1.5599092712494431, best pos: [0.43381152 0.09139004 0.11610066]
2020-03-29 17:43:38,568 - pyswarms.single.global_best - INFO - Optimize for 20 iters with {'c1': 0.15, 'c2': 0.95, 'w': 0.25}
2020-03-29 17:43:53,718 - pyswarms.single.global_best - INFO - Optimization finished | best cost: 0.9541004538649368, best pos: [0.33157342 0.04554788 0.04851143]
2020-03-29 17:43:53,730 - pyswarms.single.global_best - INFO - Optimize for 40 iters with {'c1': 0.15, 'c2': 0.95, 'w': 0.25}
2020-03-29 17:44:17,044 - pyswarms.single.global_best - INFO - Optimization finished | best cost: 0.8828144788467686, best pos: [0.31012531 0.02622225 0.04404015]
2020-03-29 17:45:26,920 - pyswarms.single.global_best - INFO - Optimize for 20 iters with {'c1': 0.15, 'c2': 0.95, 'w': 0.25}
2020-03-29 17:45:42,156 - pyswarms.single.global_best - INFO - Optimization finished | best cost: 3.44677079019548, best pos: [0.2902685  0.01875456 0.02945578]
2020-03-29 17:45:42,173 - pyswarms.single.global_best - INFO - Optimize for 20 iters with {'c1': 0.15, 'c2': 0.95, 'w': 0.25}
2020-03-29 17:45:57,279 - pyswarms.single.global_best - INFO - Optimization finished | best cost: 3.44618012473805, best pos: [0.2909294  0.01785294 0.03110729]
2020-03-29 17:45:57,290 - pyswarms.single.global_best - INFO - Optimize for 20 iters with {'c1': 0.15, 'c2': 0.95, 'w': 0.25}
2020-03-29 17:46:12,652 - pyswarms.single.global_best - INFO - Optimization finished | best cost: 3.4967195762101504, best pos: [0.30355581 0.02990069 0.0331361 ]
2020-03-29 17:46:12,664 - pyswarms.single.global_best - INFO - Optimize for 40 iters with {'c1': 0.15, 'c2': 0.95, 'w': 0.25}
2020-03-29 17:46:36,123 - pyswarms.single.global_best - INFO - Optimization finished | best cost: 3.4461774547669233, best pos: [0.29086739 0.01775137 0.03114131]
2020-03-29 17:52:44,096 - pyswarms.single.global_best - INFO - Optimize for 20 iters with {'c1': 0.15, 'c2': 0.95, 'w': 0.25}
2020-03-29 17:52:59,631 - pyswarms.single.global_best - INFO - Optimization finished | best cost: 0.2383274408087891, best pos: [0.35781156 0.0735975  0.02880028]
2020-03-29 17:52:59,643 - pyswarms.single.global_best - INFO - Optimize for 20 iters with {'c1': 0.15, 'c2': 0.95, 'w': 0.25}
2020-03-29 17:53:15,706 - pyswarms.single.global_best - INFO - Optimization finished | best cost: 0.18957095013207792, best pos: [0.31411865 0.01936748 0.03378643]
2020-03-29 17:53:15,718 - pyswarms.single.global_best - INFO - Optimize for 20 iters with {'c1': 0.15, 'c2': 0.95, 'w': 0.25}
2020-03-29 17:53:31,279 - pyswarms.single.global_best - INFO - Optimization finished | best cost: 0.1895487932473314, best pos: [0.3135992  0.02017076 0.0324386 ]
2020-03-29 17:53:31,291 - pyswarms.single.global_best - INFO - Optimize for 40 iters with {'c1': 0.15, 'c2': 0.95, 'w': 0.25}
2020-03-29 17:53:54,707 - pyswarms.single.global_best - INFO - Optimization finished | best cost: 0.189548426889077, best pos: [0.31360826 0.02004287 0.03257367]
2020-03-29 17:55:11,413 - pyswarms.single.global_best - INFO - Optimize for 20 iters with {'c1': 0.15, 'c2': 0.95, 'w': 0.25}
2020-03-29 17:55:27,920 - pyswarms.single.global_best - INFO - Optimization finished | best cost: 0.17706017381518685, best pos: [0.30729267 0.01539388 0.02976413]
2020-03-29 17:55:27,933 - pyswarms.single.global_best - INFO - Optimize for 20 iters with {'c1': 0.15, 'c2': 0.95, 'w': 0.25}
2020-03-29 17:55:44,655 - pyswarms.single.global_best - INFO - Optimization finished | best cost: 0.24644361797312145, best pos: [0.36213054 0.00606306 0.09815511]
2020-03-29 17:55:44,668 - pyswarms.single.global_best - INFO - Optimize for 20 iters with {'c1': 0.15, 'c2': 0.95, 'w': 0.25}
2020-03-29 17:56:01,538 - pyswarms.single.global_best - INFO - Optimization finished | best cost: 0.17701273497009853, best pos: [0.30769789 0.01686502 0.02877421]
2020-03-29 17:56:01,551 - pyswarms.single.global_best - INFO - Optimize for 40 iters with {'c1': 0.15, 'c2': 0.95, 'w': 0.25}
2020-03-29 17:56:25,835 - pyswarms.single.global_best - INFO - Optimization finished | best cost: 0.1770117146562792, best pos: [0.30776039 0.01670301 0.02900016]
2020-03-29 18:11:34,138 - pyswarms.single.global_best - INFO - Optimize for 20 iters with {'c1': 0.15, 'c2': 0.95, 'w': 0.25}
2020-03-29 18:11:49,478 - pyswarms.single.global_best - INFO - Optimization finished | best cost: 0.1407903050493002, best pos: [0.31696643 0.01434511 0.04124211]
2020-03-29 18:11:49,490 - pyswarms.single.global_best - INFO - Optimize for 20 iters with {'c1': 0.15, 'c2': 0.95, 'w': 0.25}
2020-03-29 18:12:04,778 - pyswarms.single.global_best - INFO - Optimization finished | best cost: 0.16463699591037786, best pos: [0.33709362 0.01406886 0.06322259]
2020-03-29 18:12:04,790 - pyswarms.single.global_best - INFO - Optimize for 20 iters with {'c1': 0.15, 'c2': 0.95, 'w': 0.25}
2020-03-29 18:12:20,053 - pyswarms.single.global_best - INFO - Optimization finished | best cost: 0.13650980308935431, best pos: [0.30651808 0.0164396  0.02795649]
2020-03-29 18:12:20,065 - pyswarms.single.global_best - INFO - Optimize for 40 iters with {'c1': 0.15, 'c2': 0.95, 'w': 0.25}
2020-03-29 18:12:44,201 - pyswarms.single.global_best - INFO - Optimization finished | best cost: 0.13650324264811373, best pos: [0.30623265 0.01664633 0.02743735]
2020-03-29 18:17:07,592 - pyswarms.single.global_best - INFO - Optimize for 20 iters with {'c1': 0.15, 'c2': 0.95, 'w': 0.25}
2020-03-29 18:17:23,392 - pyswarms.single.global_best - INFO - Optimization finished | best cost: 0.3815523625043627, best pos: [0.29791833 0.01415497 0.03107442]
2020-03-29 18:17:23,405 - pyswarms.single.global_best - INFO - Optimize for 20 iters with {'c1': 0.15, 'c2': 0.95, 'w': 0.25}
2020-03-29 18:17:39,155 - pyswarms.single.global_best - INFO - Optimization finished | best cost: 0.380734916104316, best pos: [0.29457888 0.01481271 0.02692004]
2020-03-29 18:17:39,168 - pyswarms.single.global_best - INFO - Optimize for 20 iters with {'c1': 0.15, 'c2': 0.95, 'w': 0.25}
2020-03-29 18:17:54,991 - pyswarms.single.global_best - INFO - Optimization finished | best cost: 0.3807349110974651, best pos: [0.29457418 0.01480233 0.02692444]
2020-03-29 18:17:55,002 - pyswarms.single.global_best - INFO - Optimize for 40 iters with {'c1': 0.15, 'c2': 0.95, 'w': 0.25}
2020-03-29 18:18:18,882 - pyswarms.single.global_best - INFO - Optimization finished | best cost: 0.38073490879344096, best pos: [0.29457315 0.01480571 0.02691989]
2020-03-29 18:30:59,570 - pyswarms.single.global_best - INFO - Optimize for 20 iters with {'c1': 0.15, 'c2': 0.95, 'w': 0.25}
2020-03-29 18:31:16,110 - pyswarms.single.global_best - INFO - Optimization finished | best cost: 0.13650325195018478, best pos: [0.30621699 0.01663224 0.02743389]
2020-03-29 18:31:16,121 - pyswarms.single.global_best - INFO - Optimize for 20 iters with {'c1': 0.15, 'c2': 0.95, 'w': 0.25}
2020-03-29 18:31:32,515 - pyswarms.single.global_best - INFO - Optimization finished | best cost: 0.13651801157154372, best pos: [0.3070087  0.0167209  0.02818292]
2020-03-29 18:31:32,528 - pyswarms.single.global_best - INFO - Optimize for 20 iters with {'c1': 0.15, 'c2': 0.95, 'w': 0.25}
2020-03-29 18:31:48,642 - pyswarms.single.global_best - INFO - Optimization finished | best cost: 0.1437086704951789, best pos: [0.3246174  0.02822859 0.03563422]
2020-03-29 18:31:48,654 - pyswarms.single.global_best - INFO - Optimize for 40 iters with {'c1': 0.15, 'c2': 0.95, 'w': 0.25}
2020-03-29 18:32:12,261 - pyswarms.single.global_best - INFO - Optimization finished | best cost: 0.1365064348313906, best pos: [0.30620099 0.01690371 0.02714474]
2020-03-29 18:32:58,153 - pyswarms.single.global_best - INFO - Optimize for 20 iters with {'c1': 0.15, 'c2': 0.95, 'w': 0.25}
2020-03-29 18:33:14,420 - pyswarms.single.global_best - INFO - Optimization finished | best cost: 0.38073490979036667, best pos: [0.29457503 0.01480921 0.02691857]
2020-03-29 18:33:14,432 - pyswarms.single.global_best - INFO - Optimize for 20 iters with {'c1': 0.15, 'c2': 0.95, 'w': 0.25}
2020-03-29 18:33:31,642 - pyswarms.single.global_best - INFO - Optimization finished | best cost: 0.38073492825896743, best pos: [0.29459089 0.0148129  0.02693001]
2020-03-29 18:33:31,655 - pyswarms.single.global_best - INFO - Optimize for 20 iters with {'c1': 0.15, 'c2': 0.95, 'w': 0.25}
2020-03-29 18:33:47,653 - pyswarms.single.global_best - INFO - Optimization finished | best cost: 0.38075987350659635, best pos: [0.29528223 0.01487502 0.02759526]
2020-03-29 18:33:47,665 - pyswarms.single.global_best - INFO - Optimize for 40 iters with {'c1': 0.15, 'c2': 0.95, 'w': 0.25}
2020-03-29 18:34:11,683 - pyswarms.single.global_best - INFO - Optimization finished | best cost: 0.38073490865560516, best pos: [0.29457176 0.01480562 0.02691845]
2020-03-29 18:37:09,157 - pyswarms.single.global_best - INFO - Optimize for 20 iters with {'c1': 0.15, 'c2': 0.95, 'w': 0.25}
2020-03-29 18:37:24,775 - pyswarms.single.global_best - INFO - Optimization finished | best cost: 0.46013006634511994, best pos: [0.32683437 0.02475775 0.04192651]
2020-03-29 18:37:24,787 - pyswarms.single.global_best - INFO - Optimize for 20 iters with {'c1': 0.15, 'c2': 0.95, 'w': 0.25}
2020-03-29 18:37:40,267 - pyswarms.single.global_best - INFO - Optimization finished | best cost: 0.4425372623207664, best pos: [0.31981854 0.02486885 0.0343239 ]
2020-03-29 18:37:40,281 - pyswarms.single.global_best - INFO - Optimize for 20 iters with {'c1': 0.15, 'c2': 0.95, 'w': 0.25}
2020-03-29 18:39:13,746 - pyswarms.single.global_best - INFO - Optimize for 20 iters with {'c1': 0.15, 'c2': 0.95, 'w': 0.25}
2020-03-29 18:39:29,355 - pyswarms.single.global_best - INFO - Optimization finished | best cost: 0.8539944010197943, best pos: [0.35410598 0.0433793  0.05290907]
2020-03-29 18:39:29,367 - pyswarms.single.global_best - INFO - Optimize for 20 iters with {'c1': 0.15, 'c2': 0.95, 'w': 0.25}
2020-03-29 18:39:44,771 - pyswarms.single.global_best - INFO - Optimization finished | best cost: 0.8374617748659883, best pos: [0.35292119 0.04024223 0.05491499]
2020-03-29 18:39:44,782 - pyswarms.single.global_best - INFO - Optimize for 20 iters with {'c1': 0.15, 'c2': 0.95, 'w': 0.25}
2020-03-29 18:40:00,097 - pyswarms.single.global_best - INFO - Optimization finished | best cost: 0.5999512294531895, best pos: [0.31501502 0.0206042  0.03346472]
2020-03-29 18:40:00,108 - pyswarms.single.global_best - INFO - Optimize for 40 iters with {'c1': 0.15, 'c2': 0.95, 'w': 0.25}
2020-03-29 18:40:23,516 - pyswarms.single.global_best - INFO - Optimization finished | best cost: 0.6015563857020927, best pos: [0.315737   0.02059775 0.03450415]
2020-03-29 18:42:05,013 - pyswarms.single.global_best - INFO - Optimize for 20 iters with {'c1': 0.15, 'c2': 0.95, 'w': 0.25}
2020-03-29 18:42:20,401 - pyswarms.single.global_best - INFO - Optimization finished | best cost: 1.145418029157928, best pos: [0.31504989 0.02646061 0.0378067 ]
2020-03-29 18:42:20,414 - pyswarms.single.global_best - INFO - Optimize for 20 iters with {'c1': 0.15, 'c2': 0.95, 'w': 0.25}
2020-03-29 18:42:35,784 - pyswarms.single.global_best - INFO - Optimization finished | best cost: 1.069113426972044, best pos: [0.29576391 0.01611159 0.02765611]
2020-03-29 18:42:35,797 - pyswarms.single.global_best - INFO - Optimize for 20 iters with {'c1': 0.15, 'c2': 0.95, 'w': 0.25}
2020-03-29 18:42:51,180 - pyswarms.single.global_best - INFO - Optimization finished | best cost: 2.3853401989627945, best pos: [0.38106279 0.01600972 0.12018188]
2020-03-29 18:42:51,192 - pyswarms.single.global_best - INFO - Optimize for 40 iters with {'c1': 0.15, 'c2': 0.95, 'w': 0.25}
2020-03-29 18:43:14,769 - pyswarms.single.global_best - INFO - Optimization finished | best cost: 1.0672402727693349, best pos: [0.29291561 0.01479757 0.02599455]
2020-03-29 18:47:33,272 - pyswarms.single.global_best - INFO - Optimize for 20 iters with {'c1': 0.15, 'c2': 0.95, 'w': 0.25}
2020-03-29 18:47:49,475 - pyswarms.single.global_best - INFO - Optimization finished | best cost: 1.13785487457048, best pos: [0.30422245 0.01574597 0.02713631]
2020-03-29 18:47:49,487 - pyswarms.single.global_best - INFO - Optimize for 20 iters with {'c1': 0.15, 'c2': 0.95, 'w': 0.25}
2020-03-29 18:48:05,222 - pyswarms.single.global_best - INFO - Optimization finished | best cost: 1.256106055441527, best pos: [0.32759171 0.02522222 0.04264962]
2020-03-29 18:48:05,234 - pyswarms.single.global_best - INFO - Optimize for 20 iters with {'c1': 0.15, 'c2': 0.95, 'w': 0.25}
2020-03-29 18:48:20,925 - pyswarms.single.global_best - INFO - Optimization finished | best cost: 1.422941960469049, best pos: [0.3407504  0.02777873 0.05415033]
2020-03-29 18:48:20,937 - pyswarms.single.global_best - INFO - Optimize for 40 iters with {'c1': 0.15, 'c2': 0.95, 'w': 0.25}
2020-03-29 18:48:45,133 - pyswarms.single.global_best - INFO - Optimization finished | best cost: 1.1378544936377588, best pos: [0.30421772 0.01571879 0.02715623]
2020-03-29 18:49:22,468 - pyswarms.single.global_best - INFO - Optimize for 20 iters with {'c1': 0.15, 'c2': 0.95, 'w': 0.25}
2020-03-29 18:49:39,465 - pyswarms.single.global_best - INFO - Optimization finished | best cost: 6.641908087978618, best pos: [0.39529562 0.06460647 0.08685332]
2020-03-29 18:49:39,477 - pyswarms.single.global_best - INFO - Optimize for 20 iters with {'c1': 0.15, 'c2': 0.95, 'w': 0.25}
2020-03-29 18:49:57,233 - pyswarms.single.global_best - INFO - Optimization finished | best cost: 2.7496582873743516, best pos: [0.2920497  0.01284591 0.0274068 ]
2020-03-29 18:49:57,246 - pyswarms.single.global_best - INFO - Optimize for 20 iters with {'c1': 0.15, 'c2': 0.95, 'w': 0.25}
2020-03-29 18:50:13,458 - pyswarms.single.global_best - INFO - Optimization finished | best cost: 3.6533370402919885, best pos: [0.33820543 0.0336686  0.05567892]
2020-03-29 18:50:13,470 - pyswarms.single.global_best - INFO - Optimize for 40 iters with {'c1': 0.15, 'c2': 0.95, 'w': 0.25}
2020-03-29 18:50:37,215 - pyswarms.single.global_best - INFO - Optimization finished | best cost: 2.7526397643002154, best pos: [0.2942096  0.01569591 0.02679847]
2020-03-29 18:52:33,710 - pyswarms.single.global_best - INFO - Optimize for 20 iters with {'c1': 0.15, 'c2': 0.95, 'w': 0.25}
2020-03-29 18:52:49,001 - pyswarms.single.global_best - INFO - Optimization finished | best cost: 5.3658046197936144, best pos: [0.28150296 0.01440298 0.02458701]
2020-03-29 18:52:49,015 - pyswarms.single.global_best - INFO - Optimize for 20 iters with {'c1': 0.15, 'c2': 0.95, 'w': 0.25}
2020-03-29 18:53:04,294 - pyswarms.single.global_best - INFO - Optimization finished | best cost: 6.584590887204723, best pos: [0.32180991 0.03076024 0.05112885]
2020-03-29 18:53:04,306 - pyswarms.single.global_best - INFO - Optimize for 20 iters with {'c1': 0.15, 'c2': 0.95, 'w': 0.25}
2020-03-29 18:53:19,549 - pyswarms.single.global_best - INFO - Optimization finished | best cost: 5.6820324115082395, best pos: [0.30172266 0.02050477 0.03987336]
2020-03-29 18:53:19,561 - pyswarms.single.global_best - INFO - Optimize for 40 iters with {'c1': 0.15, 'c2': 0.95, 'w': 0.25}
2020-03-29 18:53:42,973 - pyswarms.single.global_best - INFO - Optimization finished | best cost: 5.365068009459222, best pos: [0.282616   0.01432964 0.02584207]
